# JRE version: OpenJDK Runtime Environment (11.0.12+7) (build 11.0.12+7-b1504.28-7817840)
# Java VM: OpenJDK 64-Bit Server VM (11.0.12+7-b1504.28-7817840, mixed mode, tiered, compressed oops, g1 gc, windows-amd64)
Heap:
 garbage-first heap   total 425984K, used 186099K [0x0000000080000000, 0x0000000100000000)
  region size 1024K, 13 young (13312K), 12 survivors (12288K)
 Metaspace       used 153103K, capacity 159055K, committed 159348K, reserved 1187840K
  class space    used 18963K, capacity 21127K, committed 21192K, reserved 1048576K
GC Heap History (20 events):
Event: 1665.102 GC heap before
{Heap before GC invocations=90 (full 0):
 garbage-first heap   total 425984K, used 272299K [0x0000000080000000, 0x0000000100000000)
  region size 1024K, 20 young (20480K), 8 survivors (8192K)
 Metaspace       used 150102K, capacity 154976K, committed 155124K, reserved 1183744K
  class space    used 18586K, capacity 20434K, committed 20552K, reserved 1048576K
}
Event: 1665.123 GC heap after
{Heap after GC invocations=91 (full 0):
 garbage-first heap   total 425984K, used 207051K [0x0000000080000000, 0x0000000100000000)
  region size 1024K, 1 young (1024K), 1 survivors (1024K)
 Metaspace       used 150102K, capacity 154976K, committed 155124K, reserved 1183744K
  class space    used 18586K, capacity 20434K, committed 20552K, reserved 1048576K
}
Event: 1670.522 GC heap before
{Heap before GC invocations=91 (full 0):
 garbage-first heap   total 425984K, used 225483K [0x0000000080000000, 0x0000000100000000)
  region size 1024K, 20 young (20480K), 1 survivors (1024K)
 Metaspace       used 150114K, capacity 154976K, committed 155124K, reserved 1183744K
  class space    used 18586K, capacity 20434K, committed 20552K, reserved 1048576K
}
Event: 1670.533 GC heap after
{Heap after GC invocations=92 (full 0):
 garbage-first heap   total 425984K, used 166191K [0x0000000080000000, 0x0000000100000000)
  region size 1024K, 3 young (3072K), 3 survivors (3072K)
 Metaspace       used 150114K, capacity 154976K, committed 155124K, reserved 1183744K
  class space    used 18586K, capacity 20434K, committed 20552K, reserved 1048576K
}
Event: 1670.876 GC heap before
{Heap before GC invocations=92 (full 0):
 garbage-first heap   total 425984K, used 183599K [0x0000000080000000, 0x0000000100000000)
  region size 1024K, 20 young (20480K), 3 survivors (3072K)
 Metaspace       used 150154K, capacity 154977K, committed 155124K, reserved 1183744K
  class space    used 18586K, capacity 20434K, committed 20552K, reserved 1048576K
}
Event: 1670.918 GC heap after
{Heap after GC invocations=93 (full 0):
 garbage-first heap   total 425984K, used 143910K [0x0000000080000000, 0x0000000100000000)
  region size 1024K, 3 young (3072K), 3 survivors (3072K)
 Metaspace       used 150154K, capacity 154977K, committed 155124K, reserved 1183744K
  class space    used 18586K, capacity 20434K, committed 20552K, reserved 1048576K
}
Event: 1701.889 GC heap before
{Heap before GC invocations=93 (full 0):
 garbage-first heap   total 425984K, used 251430K [0x0000000080000000, 0x0000000100000000)
  region size 1024K, 100 young (102400K), 3 survivors (3072K)
 Metaspace       used 150262K, capacity 155142K, committed 155380K, reserved 1183744K
  class space    used 18592K, capacity 20443K, committed 20552K, reserved 1048576K
}
Event: 1701.923 GC heap after
{Heap after GC invocations=94 (full 0):
 garbage-first heap   total 425984K, used 152759K [0x0000000080000000, 0x0000000100000000)
  region size 1024K, 12 young (12288K), 12 survivors (12288K)
 Metaspace       used 150262K, capacity 155142K, committed 155380K, reserved 1183744K
  class space    used 18592K, capacity 20443K, committed 20552K, reserved 1048576K
}
Event: 3490.868 GC heap before
{Heap before GC invocations=94 (full 0):
 garbage-first heap   total 425984K, used 235703K [0x0000000080000000, 0x0000000100000000)
  region size 1024K, 85 young (87040K), 12 survivors (12288K)
 Metaspace       used 150352K, capacity 155229K, committed 155380K, reserved 1183744K
  class space    used 18592K, capacity 20444K, committed 20552K, reserved 1048576K
}
Event: 3490.882 GC heap after
{Heap after GC invocations=95 (full 0):
 garbage-first heap   total 425984K, used 148505K [0x0000000080000000, 0x0000000100000000)
  region size 1024K, 2 young (2048K), 2 survivors (2048K)
 Metaspace       used 150352K, capacity 155229K, committed 155380K, reserved 1183744K
  class space    used 18592K, capacity 20444K, committed 20552K, reserved 1048576K
}
Event: 4294.914 GC heap before
{Heap before GC invocations=95 (full 0):
 garbage-first heap   total 425984K, used 242713K [0x0000000080000000, 0x0000000100000000)
  region size 1024K, 93 young (95232K), 2 survivors (2048K)
 Metaspace       used 150485K, capacity 155297K, committed 155636K, reserved 1183744K
  class space    used 18603K, capacity 20464K, committed 20552K, reserved 1048576K
}
Event: 4294.962 GC heap after
{Heap after GC invocations=96 (full 0):
 garbage-first heap   total 425984K, used 169447K [0x0000000080000000, 0x0000000100000000)
  region size 1024K, 12 young (12288K), 12 survivors (12288K)
 Metaspace       used 150485K, capacity 155297K, committed 155636K, reserved 1183744K
  class space    used 18603K, capacity 20464K, committed 20552K, reserved 1048576K
}
Event: 4295.976 GC heap before
{Heap before GC invocations=96 (full 0):
 garbage-first heap   total 425984K, used 293351K [0x0000000080000000, 0x0000000100000000)
  region size 1024K, 111 young (113664K), 12 survivors (12288K)
 Metaspace       used 150565K, capacity 155482K, committed 155636K, reserved 1183744K
  class space    used 18614K, capacity 20482K, committed 20552K, reserved 1048576K
}
Event: 4296.026 GC heap after
{Heap after GC invocations=97 (full 0):
 garbage-first heap   total 425984K, used 176621K [0x0000000080000000, 0x0000000100000000)
  region size 1024K, 7 young (7168K), 7 survivors (7168K)
 Metaspace       used 150565K, capacity 155482K, committed 155636K, reserved 1183744K
  class space    used 18614K, capacity 20482K, committed 20552K, reserved 1048576K
}
Event: 4320.405 GC heap before
{Heap before GC invocations=97 (full 0):
 garbage-first heap   total 425984K, used 289261K [0x0000000080000000, 0x0000000100000000)
  region size 1024K, 114 young (116736K), 7 survivors (7168K)
 Metaspace       used 150917K, capacity 155970K, committed 156148K, reserved 1185792K
  class space    used 18617K, capacity 20488K, committed 20552K, reserved 1048576K
}
Event: 4320.436 GC heap after
{Heap after GC invocations=98 (full 0):
 garbage-first heap   total 425984K, used 185695K [0x0000000080000000, 0x0000000100000000)
  region size 1024K, 14 young (14336K), 14 survivors (14336K)
 Metaspace       used 150917K, capacity 155970K, committed 156148K, reserved 1185792K
  class space    used 18617K, capacity 20488K, committed 20552K, reserved 1048576K
}
Event: 4377.918 GC heap before
{Heap before GC invocations=98 (full 0):
 garbage-first heap   total 425984K, used 310623K [0x0000000080000000, 0x0000000100000000)
  region size 1024K, 126 young (129024K), 14 survivors (14336K)
 Metaspace       used 152521K, capacity 158434K, committed 158708K, reserved 1187840K
  class space    used 18908K, capacity 21028K, committed 21064K, reserved 1048576K
}
Event: 4377.941 GC heap after
{Heap after GC invocations=99 (full 0):
 garbage-first heap   total 425984K, used 181155K [0x0000000080000000, 0x0000000100000000)
  region size 1024K, 7 young (7168K), 7 survivors (7168K)
 Metaspace       used 152521K, capacity 158434K, committed 158708K, reserved 1187840K
  class space    used 18908K, capacity 21028K, committed 21064K, reserved 1048576K
}
Event: 4398.183 GC heap before
{Heap before GC invocations=99 (full 0):
 garbage-first heap   total 425984K, used 321443K [0x0000000080000000, 0x0000000100000000)
  region size 1024K, 128 young (131072K), 7 survivors (7168K)
 Metaspace       used 152966K, capacity 159030K, committed 159348K, reserved 1187840K
  class space    used 18961K, capacity 21123K, committed 21192K, reserved 1048576K
}
Event: 4398.203 GC heap after
{Heap after GC invocations=100 (full 0):
 garbage-first heap   total 425984K, used 181667K [0x0000000080000000, 0x0000000100000000)
  region size 1024K, 7 young (7168K), 7 survivors (7168K)
 Metaspace       used 152966K, capacity 159030K, committed 159348K, reserved 1187840K
  class space    used 18961K, capacity 21123K, committed 21192K, reserved 1048576K
}

